2024-10-07T14:28:33.617Z info: Server running on port 5000
2024-10-07T14:28:33.669Z info: Processing job with ID: 4, Parent ID: undefined, Customer ID: 06ADE51F2D
2024-10-07T14:28:36.220Z info: MongoDB connected
2024-10-07T14:28:36.494Z error: Error processing job:
2024-10-07T14:28:43.209Z info: Server running on port 5000
2024-10-07T14:28:47.377Z info: MongoDB connected
2024-10-07T14:29:05.565Z info: Server running on port 5000
2024-10-07T14:29:07.938Z info: MongoDB connected
2024-10-07T14:29:18.012Z info: Incoming Request: POST /api/users/register
2024-10-07T14:29:18.126Z info: Processing job with ID: 5, Parent ID: undefined, Customer ID: 645823E918
2024-10-07T14:33:12.276Z info: Server running on port 5000
2024-10-07T14:33:12.897Z info: MongoDB connected
2024-10-07T14:33:19.007Z info: Incoming Request: POST /api/users/register
2024-10-07T14:33:19.122Z info: Processing job with ID: 6, Parent ID: undefined, Customer ID: F3CABF0832
2024-10-07T14:33:19.284Z info: Customer with userId F3CABF0832 registered successfully.
2024-10-07T14:33:19.288Z info: User created successfully: F3CABF0832
2024-10-07T14:33:42.517Z info: Processing job with ID: 5, Parent ID: undefined, Customer ID: 645823E918
2024-10-07T14:33:42.563Z error: Error processing job:
2024-10-07T14:35:17.216Z info: Server running on port 5000
2024-10-07T14:35:17.850Z info: MongoDB connected
2024-10-07T14:35:47.474Z info: Incoming Request: POST /api/users/register
2024-10-07T14:35:47.590Z info: Processing job with ID: 7, Parent ID: undefined, Customer ID: 1C7343B7D2
2024-10-07T14:35:47.705Z info: Customer with userId 1C7343B7D2 registered successfully.
2024-10-07T14:35:47.710Z info: User created successfully: 1C7343B7D2
2024-10-07T14:37:25.081Z info: Incoming Request: POST /api/users/register
2024-10-07T14:37:25.187Z info: Processing job with ID: 8, Parent ID: 1C7343B7D2, Customer ID: 985B0E86A1
2024-10-07T14:37:25.227Z info: Finding next available spot starting from userId: 1C7343B7D2
2024-10-07T14:37:25.274Z info: Available spot found at userId: 1C7343B7D2
2024-10-07T14:37:25.505Z info: Updating ancestors for customerId: 1C7343B7D2
2024-10-07T14:37:25.563Z info: Counting descendants for userId: 1C7343B7D2, initial count: 1
2024-10-07T14:37:25.591Z info: Counting descendants for userId: 985B0E86A1, initial count: 0
2024-10-07T14:37:25.592Z info: Total descendants for userId: 985B0E86A1 is 0
2024-10-07T14:37:25.593Z info: Total descendants for userId: 1C7343B7D2 is 1
2024-10-07T14:37:25.625Z info: Updated userId: 1C7343B7D2 with level: 0, totalDescendantsCount: 1
2024-10-07T14:37:25.649Z info: Customer with userId 985B0E86A1 registered successfully.
2024-10-07T14:37:25.653Z info: User created successfully: 985B0E86A1
2024-10-07T14:38:23.652Z info: Incoming Request: POST /api/users/register
2024-10-07T14:38:23.756Z info: Processing job with ID: 9, Parent ID: 1C7343B7D2, Customer ID: 35EAA99F7C
2024-10-07T14:38:23.777Z info: Finding next available spot starting from userId: 1C7343B7D2
2024-10-07T14:38:23.816Z info: Available spot found at userId: 1C7343B7D2
2024-10-07T14:38:23.943Z info: Updating ancestors for customerId: 1C7343B7D2
2024-10-07T14:38:23.981Z info: Counting descendants for userId: 1C7343B7D2, initial count: 2
2024-10-07T14:38:24.017Z info: Counting descendants for userId: 985B0E86A1, initial count: 0
2024-10-07T14:38:24.017Z info: Total descendants for userId: 985B0E86A1 is 0
2024-10-07T14:38:24.052Z info: Counting descendants for userId: 35EAA99F7C, initial count: 0
2024-10-07T14:38:24.053Z info: Total descendants for userId: 35EAA99F7C is 0
2024-10-07T14:38:24.053Z info: Total descendants for userId: 1C7343B7D2 is 2
2024-10-07T14:38:24.120Z info: Updated userId: 1C7343B7D2 with level: 0, totalDescendantsCount: 2
2024-10-07T14:38:24.144Z info: Customer with userId 35EAA99F7C registered successfully.
2024-10-07T14:38:24.146Z info: User created successfully: 35EAA99F7C
2024-10-07T14:38:32.616Z info: Incoming Request: POST /api/users/register
2024-10-07T14:38:32.731Z info: Processing job with ID: 10, Parent ID: 1C7343B7D2, Customer ID: 665D1C7A5E
2024-10-07T14:38:32.756Z info: Finding next available spot starting from userId: 1C7343B7D2
2024-10-07T14:38:32.796Z info: Available spot found at userId: 1C7343B7D2
2024-10-07T14:38:32.943Z info: Updating ancestors for customerId: 1C7343B7D2
2024-10-07T14:38:33.000Z info: Counting descendants for userId: 1C7343B7D2, initial count: 3
2024-10-07T14:38:33.023Z info: Counting descendants for userId: 985B0E86A1, initial count: 0
2024-10-07T14:38:33.023Z info: Total descendants for userId: 985B0E86A1 is 0
2024-10-07T14:38:33.053Z info: Counting descendants for userId: 35EAA99F7C, initial count: 0
2024-10-07T14:38:33.053Z info: Total descendants for userId: 35EAA99F7C is 0
2024-10-07T14:38:33.078Z info: Counting descendants for userId: 665D1C7A5E, initial count: 0
2024-10-07T14:38:33.078Z info: Total descendants for userId: 665D1C7A5E is 0
2024-10-07T14:38:33.079Z info: Total descendants for userId: 1C7343B7D2 is 3
2024-10-07T14:38:33.151Z info: Updated userId: 1C7343B7D2 with level: 1, totalDescendantsCount: 3
2024-10-07T14:38:33.172Z info: Customer with userId 665D1C7A5E registered successfully.
2024-10-07T14:38:33.177Z info: User created successfully: 665D1C7A5E
2024-10-07T15:24:02.350Z info: Server running on port 5000
2024-10-07T15:24:04.270Z info: MongoDB connected
2024-10-07T15:25:47.398Z info: Incoming Request: POST /api/users/register
2024-10-07T15:26:09.198Z info: Server running on port 5000
2024-10-07T15:26:11.929Z info: MongoDB connected
2024-10-07T15:26:13.256Z info: Incoming Request: POST /api/users/register
2024-10-07T15:26:13.370Z info: Processing job with ID: 11, Parent ID: 1C7343B7D2, Customer ID: BFD9B584A1
2024-10-07T15:26:13.406Z info: Finding next available spot starting from userId: 1C7343B7D2
2024-10-07T15:26:13.511Z info: Available spot found at userId: 985B0E86A1
2024-10-07T15:26:13.708Z info: Updating ancestors for customerId: 985B0E86A1
2024-10-07T15:26:13.762Z info: Counting descendants for userId: 985B0E86A1, initial count: 1
2024-10-07T15:26:13.790Z info: Counting descendants for userId: BFD9B584A1, initial count: 0
2024-10-07T15:26:13.792Z info: Total descendants for userId: BFD9B584A1 is 0
2024-10-07T15:26:13.792Z info: Total descendants for userId: 985B0E86A1 is 1
2024-10-07T15:26:13.849Z info: Updated userId: 985B0E86A1 with level: 0, totalDescendantsCount: 1
2024-10-07T15:26:13.890Z info: Counting descendants for userId: 1C7343B7D2, initial count: 3
2024-10-07T15:26:13.913Z info: Counting descendants for userId: 985B0E86A1, initial count: 1
2024-10-07T15:26:13.934Z info: Counting descendants for userId: BFD9B584A1, initial count: 0
2024-10-07T15:26:13.935Z info: Total descendants for userId: BFD9B584A1 is 0
2024-10-07T15:26:13.935Z info: Total descendants for userId: 985B0E86A1 is 1
2024-10-07T15:26:13.964Z info: Counting descendants for userId: 35EAA99F7C, initial count: 0
2024-10-07T15:26:13.964Z info: Total descendants for userId: 35EAA99F7C is 0
2024-10-07T15:26:13.988Z info: Counting descendants for userId: 665D1C7A5E, initial count: 0
2024-10-07T15:26:13.989Z info: Total descendants for userId: 665D1C7A5E is 0
2024-10-07T15:26:13.989Z info: Total descendants for userId: 1C7343B7D2 is 4
2024-10-07T15:26:14.045Z info: Updated userId: 1C7343B7D2 with level: 1, totalDescendantsCount: 4
2024-10-07T15:26:14.065Z info: Customer with userId BFD9B584A1 registered successfully.
2024-10-07T15:26:14.072Z info: User created successfully: BFD9B584A1
2024-10-07T15:28:14.474Z info: Incoming Request: POST /api/users/register
2024-10-07T15:28:14.581Z error: Transaction failed while creating user/admin: Admin validation failed: email: Invalid email format
2024-10-07T15:28:14.582Z error: Error: Admin validation failed: email: Invalid email format
2024-10-07T15:30:18.111Z info: Server running on port 5000
2024-10-07T15:30:18.944Z info: MongoDB connected
2024-10-07T15:30:22.952Z info: Incoming Request: POST /api/users/register
2024-10-07T15:30:23.073Z error: Validation failed: Admin validation failed: email: Invalid email format
2024-10-07T15:30:44.328Z info: Server running on port 5000
2024-10-07T15:30:44.951Z info: MongoDB connected
2024-10-07T15:30:52.360Z info: Server running on port 5000
2024-10-07T15:30:53.266Z info: MongoDB connected
2024-10-07T15:30:55.218Z info: Incoming Request: POST /api/users/register
2024-10-07T15:30:55.346Z error: Validation failed: Admin validation failed: email: Invalid email format
2024-10-07T15:31:01.098Z info: Incoming Request: POST /api/users/register
2024-10-07T15:31:01.277Z info: Admin created successfully: 6703feb57fa51962151cf26d
2024-10-07T15:31:14.964Z info: Server running on port 5000
2024-10-07T15:31:15.452Z info: MongoDB connected
2024-10-07T15:31:28.090Z info: Server running on port 5000
2024-10-07T15:31:28.684Z info: MongoDB connected
2024-10-07T15:31:42.809Z info: Server running on port 5000
2024-10-07T15:31:43.376Z info: MongoDB connected
2024-10-07T15:34:39.846Z info: Server running on port 5000
2024-10-07T15:34:40.462Z info: MongoDB connected
2024-10-07T15:34:59.730Z info: Server running on port 5000
2024-10-07T15:35:00.561Z info: MongoDB connected
2024-10-07T15:35:56.885Z info: Incoming Request: POST /api/users/register
2024-10-07T15:35:57.001Z info: Processing job with ID: 12, Parent ID: undefined, Customer ID: BE70BF0547
2024-10-07T15:35:57.019Z error: Error processing job:
2024-10-07T15:35:57.026Z error: Error processing registration for userId BE70BF0547: An error occurred while registering the customer: User validation failed: phoneNumber: Path `phoneNumber` is required.
2024-10-07T15:36:36.993Z info: Server running on port 5000
2024-10-07T15:36:37.668Z info: MongoDB connected
2024-10-07T15:36:48.871Z info: Incoming Request: POST /api/users/register
2024-10-07T15:36:49.047Z error: Transaction failed while creating user/admin: E11000 duplicate key error collection: mlmdb.admins index: email_1 dup key: { email: "admin1@example.com" }
2024-10-07T15:36:49.056Z error: Error: E11000 duplicate key error collection: mlmdb.admins index: email_1 dup key: { email: "admin1@example.com" }
2024-10-07T15:37:33.912Z info: Server running on port 5000
2024-10-07T15:37:34.394Z info: MongoDB connected
2024-10-07T15:37:40.242Z info: Incoming Request: POST /api/users/register
2024-10-07T15:37:40.418Z info: Admin created successfully: 670400443e46c721fae2d39a
2024-10-07T15:37:47.875Z info: Incoming Request: POST /api/users/register
2024-10-07T15:37:48.029Z error: Transaction failed while creating user/admin: E11000 duplicate key error collection: mlmdb.admins index: email_1 dup key: { email: "admin1@example.com" }
2024-10-07T15:37:48.032Z error: Error: E11000 duplicate key error collection: mlmdb.admins index: email_1 dup key: { email: "admin1@example.com" }
2024-10-07T15:40:37.413Z info: Server running on port 5000
2024-10-07T15:40:37.946Z info: MongoDB connected
2024-10-07T15:40:41.482Z info: Incoming Request: POST /api/users/register
2024-10-07T15:40:41.653Z error: Duplicate key error: E11000 duplicate key error collection: mlmdb.admins index: email_1 dup key: { email: "admin1@example.com" }
2024-10-07T15:41:07.467Z info: Server running on port 5000
2024-10-07T15:41:08.013Z info: MongoDB connected
2024-10-07T15:41:09.791Z info: Incoming Request: POST /api/users/register
2024-10-07T15:41:09.973Z error: Duplicate key error: E11000 duplicate key error collection: mlmdb.admins index: email_1 dup key: { email: "admin1@example.com" }
2024-10-07T15:41:33.531Z info: Incoming Request: POST /api/users/register
2024-10-07T15:41:33.693Z info: Admin created successfully: 6704012dc11c16fb19a109e5
2024-10-07T15:46:41.377Z info: Server running on port 5000
2024-10-07T15:46:41.922Z info: MongoDB connected
2024-10-07T15:49:48.656Z info: Server running on port 5000
2024-10-07T15:49:49.963Z info: Server running on port 5000
2024-10-07T15:49:51.062Z info: MongoDB connected
2024-10-07T15:50:28.970Z info: Incoming Request: POST /api/users/login
2024-10-07T15:50:29.222Z warn: Login attempt failed: User not found for identifier: undefined
2024-10-07T15:50:29.225Z error: Error: User not found
2024-10-07T15:50:54.393Z info: Incoming Request: POST /api/users/login
2024-10-07T15:50:54.524Z info: Admin logged in successfully: admin1@example.com
2024-10-07T15:50:54.525Z info: Response sent: Success
2024-10-07T15:51:40.882Z info: Server running on port 5000
2024-10-07T15:51:41.489Z info: MongoDB connected
2024-10-07T15:53:42.850Z info: Server running on port 5000
2024-10-07T15:53:43.899Z info: MongoDB connected
2024-10-07T15:54:28.182Z info: Server running on port 5000
2024-10-07T15:54:28.725Z info: MongoDB connected
2024-10-07T15:56:21.023Z info: Server running on port 5000
2024-10-07T15:56:21.676Z info: MongoDB connected
2024-10-07T15:56:24.026Z info: Server running on port 5000
2024-10-07T15:56:24.538Z info: MongoDB connected
2024-10-07T15:57:34.715Z info: Server running on port 5000
2024-10-07T15:57:40.706Z info: MongoDB connected
2024-10-07T15:58:57.098Z info: Server running on port 5000
2024-10-07T15:58:57.685Z info: MongoDB connected
2024-10-07T15:59:17.426Z info: Server running on port 5000
2024-10-07T15:59:23.092Z info: MongoDB connected
2024-10-07T15:59:49.896Z info: Server running on port 5000
2024-10-07T15:59:50.684Z info: MongoDB connected
2024-10-07T16:01:34.927Z info: Server running on port 5000
2024-10-07T16:01:35.446Z info: MongoDB connected
2024-10-07T16:02:20.135Z info: Server running on port 5000
2024-10-07T16:02:21.161Z info: MongoDB connected
2024-10-07T16:02:34.326Z info: Server running on port 5000
2024-10-07T16:02:38.532Z info: MongoDB connected
2024-10-07T16:03:23.548Z info: Server running on port 5000
2024-10-07T16:03:24.993Z info: MongoDB connected
2024-10-07T16:03:43.920Z info: Server running on port 5000
2024-10-07T16:03:47.309Z info: MongoDB connected
2024-10-07T16:03:49.631Z info: Server running on port 5000
2024-10-07T16:03:52.273Z info: MongoDB connected
2024-10-07T16:04:39.961Z info: Incoming Request: GET /api/admins/get-all
2024-10-07T16:04:40.356Z info: Retrieved all admins successfully
2024-10-07T16:07:05.638Z info: Server running on port 5000
2024-10-07T16:07:06.804Z info: MongoDB connected
2024-10-07T16:09:04.121Z info: Server running on port 5000
2024-10-07T16:09:04.641Z info: MongoDB connected
2024-10-07T16:09:09.612Z info: Server running on port 5000
2024-10-07T16:09:10.582Z info: MongoDB connected
2024-10-07T16:09:39.864Z info: Server running on port 5000
2024-10-07T16:09:40.462Z info: MongoDB connected
2024-10-07T16:10:19.259Z info: Server running on port 5000
2024-10-07T16:10:19.949Z info: MongoDB connected
2024-10-07T16:10:24.899Z info: Server running on port 5000
2024-10-07T16:10:25.763Z info: MongoDB connected
2024-10-07T16:10:37.934Z info: Incoming Request: GET /api/admins/get-all
2024-10-07T16:10:37.985Z info: Retrieved all admins successfully
2024-10-07T16:10:37.986Z info: Response sent: Retrieved all admins successfully
2024-10-07T16:13:10.953Z info: Incoming Request: PUT /api/admins/6704012dc11c16fb19a109e5
2024-10-07T16:13:11.019Z info: Admin updated successfully: admin1@example.com
2024-10-07T16:13:11.019Z info: Response sent: Admin updated successfully
2024-10-07T16:13:18.562Z info: Incoming Request: PUT /api/admins/6704012dc11c16fb19a109e5
2024-10-07T16:13:18.633Z info: Admin updated successfully: admin1@example.com
2024-10-07T16:13:18.633Z info: Response sent: Admin updated successfully
2024-10-07T16:16:16.736Z info: Server running on port 5000
2024-10-07T16:16:17.427Z info: MongoDB connected
2024-10-07T16:16:21.580Z info: Server running on port 5000
2024-10-07T16:16:22.174Z info: MongoDB connected
2024-10-07T16:16:27.717Z info: Server running on port 5000
2024-10-07T16:16:28.295Z info: MongoDB connected
2024-10-07T16:17:43.131Z info: Server running on port 5000
2024-10-07T16:17:43.948Z info: MongoDB connected
2024-10-07T16:17:45.962Z info: Server running on port 5000
2024-10-07T16:17:46.601Z info: MongoDB connected
2024-10-07T16:18:32.908Z info: Server running on port 5000
2024-10-07T16:18:33.469Z info: MongoDB connected
2024-10-07T16:18:35.312Z info: Server running on port 5000
2024-10-07T16:18:36.354Z info: MongoDB connected
2024-10-07T16:19:08.619Z info: Server running on port 5000
2024-10-07T16:19:09.146Z info: MongoDB connected
2024-10-07T16:19:38.913Z info: Server running on port 5000
2024-10-07T16:19:39.526Z info: MongoDB connected
2024-10-07T16:21:23.028Z info: Server running on port 5000
2024-10-07T16:21:23.926Z info: MongoDB connected
2024-10-07T16:21:41.433Z info: Server running on port 5000
2024-10-07T16:21:41.923Z info: MongoDB connected
2024-10-07T16:28:33.151Z info: Server running on port 5000
2024-10-07T16:28:33.898Z info: MongoDB connected
2024-10-07T16:28:51.030Z info: Server running on port 5000
2024-10-07T16:28:51.568Z info: MongoDB connected
2024-10-07T16:29:04.077Z info: Server running on port 5000
2024-10-07T16:29:04.857Z info: MongoDB connected
2024-10-07T16:30:29.575Z info: Server running on port 5000
2024-10-07T16:30:30.057Z info: MongoDB connected
2024-10-07T16:30:39.912Z info: Server running on port 5000
2024-10-07T16:30:40.544Z info: MongoDB connected
2024-10-07T16:31:07.866Z info: Server running on port 5000
2024-10-07T16:31:08.452Z info: MongoDB connected
2024-10-07T16:32:35.487Z info: Server running on port 5000
2024-10-07T16:32:36.067Z info: MongoDB connected
2024-10-07T16:32:38.365Z info: Server running on port 5000
2024-10-07T16:32:39.140Z info: MongoDB connected
2024-10-07T16:39:01.474Z info: Cron job scheduled for point distribution on the 5th of every month.
2024-10-07T16:39:01.518Z info: Server running on port 5000
2024-10-07T16:39:02.186Z info: MongoDB connected
